<?xml version="1.0" encoding="UTF-8"?>
<testng-results ignored="0" total="1" passed="1" failed="0" skipped="0">
  <reporter-output>
  </reporter-output>
  <suite started-at="2024-12-16T22:04:48 IST" name="Default suite" finished-at="2024-12-16T22:05:18 IST" duration-ms="29820">
    <groups>
    </groups>
    <test started-at="2024-12-16T22:04:48 IST" name="Default test" finished-at="2024-12-16T22:05:18 IST" duration-ms="29820">
      <class name="screenshot.BugScreenshot">
        <test-method is-config="true" signature="beforeTest()[pri:0, instance:screenshot.BugScreenshot@242b836]" started-at="2024-12-16T22:04:48 IST" name="beforeTest" finished-at="2024-12-16T22:04:50 IST" duration-ms="1743" status="PASS">
          <reporter-output>
          </reporter-output>
        </test-method> <!-- beforeTest -->
        <test-method signature="redmine()[pri:0, instance:screenshot.BugScreenshot@242b836]" started-at="2024-12-16T22:04:50 IST" name="redmine" finished-at="2024-12-16T22:05:18 IST" duration-ms="28043" status="PASS">
          <reporter-output>
          </reporter-output>
        </test-method> <!-- redmine -->
      </class> <!-- screenshot.BugScreenshot -->
    </test> <!-- Default test -->
  </suite> <!-- Default suite -->
</testng-results>
